model - 1592054525, 1592054525.751, 0.54,0.2494, 0.48, 0.2588
model - 1592054525, 1592054525.807, 0.58,0.2433, 0.49, 0.2559
model - 1592054525, 1592054525.866, 0.47,0.2606, 0.53, 0.2514
model - 1592054525, 1592054525.924, 0.55,0.2489, 0.49, 0.2603
model - 1592054525, 1592054525.984, 0.47,0.2622, 0.44, 0.2561
model - 1592054525, 1592054526.042, 0.47,0.2533, 0.48, 0.2501
model - 1592054525, 1592054526.1, 0.53,0.2498, 0.48, 0.2502
model - 1592054525, 1592054526.155, 0.55,0.2499, 0.51, 0.2498
model - 1592054525, 1592054526.213, 0.49,0.25, 0.55, 0.2489
model - 1592054525, 1592054526.27, 0.48,0.2504, 0.43, 0.251
model - 1592054525, 1592054526.328, 0.51,0.2498, 0.43, 0.2512
model - 1592054525, 1592054526.391, 0.53,0.2495, 0.51, 0.2492
model - 1592054525, 1592054526.451, 0.51,0.2499, 0.54, 0.249
model - 1592054525, 1592054526.507, 0.56,0.2489, 0.51, 0.2497
model - 1592054525, 1592054526.582, 0.49,0.25, 0.53, 0.2499
model - 1592054525, 1592054526.654, 0.55,0.2494, 0.56, 0.2486
model - 1592054525, 1592054526.713, 0.52,0.2491, 0.58, 0.2481
model - 1592054525, 1592054526.769, 0.56,0.2485, 0.59, 0.2465
model - 1592054525, 1592054526.827, 0.55,0.2485, 0.63, 0.2454
model - 1592054525, 1592054526.887, 0.53,0.2497, 0.5, 0.2494
model - 1592054525, 1592054526.944, 0.56,0.2467, 0.49, 0.25
model - 1592054525, 1592054527.0, 0.44,0.2512, 0.6, 0.2425
model - 1592054525, 1592054527.058, 0.53,0.2488, 0.57, 0.243
model - 1592054525, 1592054527.114, 0.53,0.2499, 0.56, 0.2443
model - 1592054525, 1592054527.173, 0.54,0.2468, 0.47, 0.2546
model - 1592054525, 1592054527.229, 0.51,0.2496, 0.44, 0.2542
model - 1592054525, 1592054527.287, 0.47,0.2513, 0.5, 0.2502
model - 1592054525, 1592054527.342, 0.54,0.2488, 0.48, 0.2503
model - 1592054525, 1592054527.409, 0.53,0.2476, 0.48, 0.2505
model - 1592054525, 1592054527.468, 0.48,0.2503, 0.56, 0.2439
model - 1592054525, 1592054527.531, 0.52,0.2465, 0.53, 0.2492
model - 1592054525, 1592054527.587, 0.52,0.2499, 0.51, 0.2474
model - 1592054525, 1592054527.645, 0.54,0.2478, 0.55, 0.2444
model - 1592054525, 1592054527.708, 0.53,0.2482, 0.55, 0.2506
model - 1592054525, 1592054527.768, 0.58,0.246, 0.6, 0.2463
model - 1592054525, 1592054527.831, 0.56,0.2485, 0.56, 0.2425
model - 1592054525, 1592054527.893, 0.6,0.2412, 0.54, 0.2454
model - 1592054525, 1592054527.947, 0.53,0.2484, 0.56, 0.2465
model - 1592054525, 1592054528.007, 0.56,0.2488, 0.63, 0.2418
model - 1592054525, 1592054528.062, 0.59,0.241, 0.65, 0.2424
model - 1592054525, 1592054528.127, 0.54,0.2418, 0.63, 0.2381
model - 1592054525, 1592054528.183, 0.59,0.244, 0.54, 0.2485
model - 1592054525, 1592054528.241, 0.59,0.2477, 0.6, 0.2445
model - 1592054525, 1592054528.297, 0.6,0.2402, 0.55, 0.2507
model - 1592054525, 1592054528.354, 0.51,0.2523, 0.58, 0.2412
model - 1592054525, 1592054528.418, 0.59,0.2368, 0.53, 0.2455
model - 1592054525, 1592054528.476, 0.62,0.2356, 0.63, 0.2375
model - 1592054525, 1592054528.532, 0.63,0.2331, 0.7, 0.2384
model - 1592054525, 1592054528.592, 0.6,0.2417, 0.52, 0.251
model - 1592054525, 1592054528.649, 0.57,0.237, 0.51, 0.2547
model - 1592054525, 1592054528.716, 0.59,0.2393, 0.62, 0.222
model - 1592054525, 1592054528.772, 0.59,0.241, 0.55, 0.243
model - 1592054525, 1592054528.831, 0.56,0.2447, 0.57, 0.2328
model - 1592054525, 1592054528.889, 0.55,0.2533, 0.53, 0.2456
model - 1592054525, 1592054528.947, 0.57,0.2311, 0.62, 0.2344
model - 1592054525, 1592054529.003, 0.63,0.2259, 0.65, 0.2304
model - 1592054525, 1592054529.061, 0.68,0.2186, 0.63, 0.2316
model - 1592054525, 1592054529.116, 0.59,0.2424, 0.64, 0.222
model - 1592054525, 1592054529.176, 0.63,0.2263, 0.66, 0.2231
model - 1592054525, 1592054529.235, 0.61,0.2289, 0.54, 0.243
model - 1592054525, 1592054529.293, 0.62,0.2306, 0.65, 0.2307
model - 1592054525, 1592054529.349, 0.59,0.2374, 0.63, 0.2249
model - 1592054525, 1592054529.405, 0.63,0.2204, 0.62, 0.2341
model - 1592054525, 1592054529.473, 0.62,0.2282, 0.61, 0.2165
model - 1592054525, 1592054529.535, 0.59,0.2443, 0.53, 0.2686
model - 1592054525, 1592054529.592, 0.59,0.2328, 0.56, 0.2498
model - 1592054525, 1592054529.656, 0.61,0.2317, 0.6, 0.2253
model - 1592054525, 1592054529.714, 0.64,0.2236, 0.72, 0.2084
model - 1592054525, 1592054529.773, 0.65,0.2257, 0.54, 0.2426
model - 1592054525, 1592054529.829, 0.56,0.2386, 0.62, 0.2373
model - 1592054525, 1592054529.89, 0.58,0.2373, 0.61, 0.2257
model - 1592054525, 1592054529.945, 0.62,0.2355, 0.56, 0.248
model - 1592054525, 1592054530.003, 0.57,0.2509, 0.58, 0.2425
model - 1592054525, 1592054530.059, 0.59,0.2305, 0.54, 0.2471
model - 1592054525, 1592054530.122, 0.58,0.2445, 0.64, 0.2301
model - 1592054525, 1592054530.178, 0.61,0.2343, 0.64, 0.2343
model - 1592054525, 1592054530.237, 0.64,0.224, 0.6, 0.2277
model - 1592054525, 1592054530.293, 0.57,0.2397, 0.59, 0.2465
model - 1592054525, 1592054530.351, 0.58,0.2364, 0.61, 0.2264
model - 1592054525, 1592054530.409, 0.59,0.2317, 0.56, 0.2398
model - 1592054525, 1592054530.474, 0.57,0.236, 0.56, 0.2375
model - 1592054525, 1592054530.53, 0.56,0.2458, 0.61, 0.2397
model - 1592054525, 1592054530.59, 0.64,0.225, 0.68, 0.219
model - 1592054525, 1592054530.645, 0.55,0.2434, 0.62, 0.2407
model - 1592054525, 1592054530.705, 0.5,0.2589, 0.69, 0.2202
model - 1592054525, 1592054530.769, 0.6,0.2343, 0.6, 0.2328
model - 1592054525, 1592054530.831, 0.61,0.2324, 0.65, 0.2348
model - 1592054525, 1592054530.886, 0.64,0.2314, 0.67, 0.2165
model - 1592054525, 1592054530.945, 0.66,0.2275, 0.6, 0.2364
model - 1592054525, 1592054531.0, 0.54,0.2515, 0.67, 0.2084
model - 1592054525, 1592054531.061, 0.59,0.2313, 0.54, 0.2418
model - 1592054525, 1592054531.12, 0.61,0.2299, 0.67, 0.2193
model - 1592054525, 1592054531.179, 0.63,0.2415, 0.56, 0.2407
model - 1592054525, 1592054531.235, 0.64,0.2225, 0.57, 0.2486
model - 1592054525, 1592054531.294, 0.57,0.2284, 0.61, 0.2359
model - 1592054525, 1592054531.348, 0.68,0.221, 0.64, 0.2301
model - 1592054525, 1592054531.41, 0.61,0.2337, 0.69, 0.2121
model - 1592054525, 1592054531.465, 0.62,0.225, 0.69, 0.224
model - 1592054525, 1592054531.533, 0.59,0.2376, 0.69, 0.2127
model - 1592054525, 1592054531.59, 0.62,0.2302, 0.72, 0.2096
model - 1592054525, 1592054531.648, 0.63,0.2242, 0.49, 0.2617
model - 1592054525, 1592054531.708, 0.56,0.2433, 0.59, 0.2369
model - 1592054525, 1592054531.776, 0.57,0.2427, 0.63, 0.216
model - 1592054525, 1592054531.833, 0.61,0.2265, 0.65, 0.2284
model - 1592054525, 1592054531.891, 0.61,0.2267, 0.66, 0.215
model - 1592054525, 1592054531.947, 0.61,0.2355, 0.66, 0.2102
model - 1592054525, 1592054532.013, 0.67,0.219, 0.6, 0.2301
model - 1592054525, 1592054532.075, 0.6,0.2328, 0.64, 0.2243
model - 1592054525, 1592054532.135, 0.64,0.2178, 0.54, 0.2618
model - 1592054525, 1592054532.19, 0.62,0.2233, 0.59, 0.2402
model - 1592054525, 1592054532.248, 0.66,0.2114, 0.56, 0.2427
model - 1592054525, 1592054532.31, 0.58,0.242, 0.54, 0.236
model - 1592054525, 1592054532.341, 0.52,0.2655, 0.47, 0.2613
model - 1592054525, 1592054532.403, 0.59,0.2423, 0.56, 0.2443
model - 1592054525, 1592054532.459, 0.62,0.2208, 0.63, 0.2175
model - 1592054525, 1592054532.524, 0.54,0.2435, 0.53, 0.2463
model - 1592054525, 1592054532.584, 0.66,0.2207, 0.55, 0.252
model - 1592054525, 1592054532.644, 0.55,0.2547, 0.51, 0.2705
model - 1592054525, 1592054532.701, 0.53,0.2558, 0.69, 0.2044
model - 1592054525, 1592054532.762, 0.56,0.2304, 0.62, 0.2333
model - 1592054525, 1592054532.819, 0.57,0.2401, 0.61, 0.233
model - 1592054525, 1592054532.882, 0.59,0.2323, 0.58, 0.2405
model - 1592054525, 1592054532.938, 0.56,0.2412, 0.49, 0.2443
model - 1592054525, 1592054532.998, 0.57,0.2379, 0.57, 0.2338
model - 1592054525, 1592054533.055, 0.62,0.2343, 0.57, 0.2354
model - 1592054525, 1592054533.118, 0.56,0.2385, 0.53, 0.243
model - 1592054525, 1592054533.178, 0.57,0.2362, 0.6, 0.2333
model - 1592054525, 1592054533.238, 0.54,0.2425, 0.46, 0.2583
model - 1592054525, 1592054533.296, 0.54,0.2386, 0.56, 0.2365
model - 1592054525, 1592054533.362, 0.56,0.2341, 0.62, 0.2308
model - 1592054525, 1592054533.42, 0.59,0.2411, 0.5, 0.2443
model - 1592054525, 1592054533.478, 0.58,0.2335, 0.56, 0.2362
model - 1592054525, 1592054533.547, 0.62,0.2316, 0.58, 0.239
model - 1592054525, 1592054533.615, 0.61,0.2371, 0.66, 0.2271
model - 1592054525, 1592054533.675, 0.6,0.2354, 0.49, 0.2579
model - 1592054525, 1592054533.734, 0.64,0.2357, 0.68, 0.2253
model - 1592054525, 1592054533.802, 0.56,0.2402, 0.66, 0.2317
model - 1592054525, 1592054533.86, 0.66,0.2296, 0.62, 0.2207
model - 1592054525, 1592054533.916, 0.66,0.2307, 0.58, 0.2342
model - 1592054525, 1592054533.977, 0.62,0.2314, 0.59, 0.2331
model - 1592054525, 1592054534.034, 0.62,0.2397, 0.62, 0.2308
model - 1592054525, 1592054534.093, 0.66,0.2238, 0.61, 0.2337
model - 1592054525, 1592054534.149, 0.65,0.2236, 0.64, 0.2194
model - 1592054525, 1592054534.209, 0.67,0.2113, 0.67, 0.2034
model - 1592054525, 1592054534.267, 0.64,0.2228, 0.55, 0.2435
model - 1592054525, 1592054534.326, 0.6,0.2302, 0.59, 0.2367
model - 1592054525, 1592054534.382, 0.65,0.2165, 0.68, 0.2209
model - 1592054525, 1592054534.442, 0.63,0.2211, 0.71, 0.2066
model - 1592054525, 1592054534.501, 0.69,0.2049, 0.71, 0.2036
model - 1592054525, 1592054534.567, 0.61,0.2327, 0.64, 0.2295
model - 1592054525, 1592054534.625, 0.59,0.2352, 0.58, 0.2429
model - 1592054525, 1592054534.688, 0.66,0.2225, 0.58, 0.2621
model - 1592054525, 1592054534.744, 0.66,0.228, 0.72, 0.1995
model - 1592054525, 1592054534.809, 0.68,0.2113, 0.56, 0.256
model - 1592054525, 1592054534.863, 0.55,0.2449, 0.64, 0.2296
model - 1592054525, 1592054534.922, 0.63,0.229, 0.67, 0.2191
model - 1592054525, 1592054534.983, 0.59,0.2318, 0.65, 0.2281
model - 1592054525, 1592054535.043, 0.61,0.2364, 0.62, 0.2331
model - 1592054525, 1592054535.098, 0.63,0.2232, 0.64, 0.229
model - 1592054525, 1592054535.159, 0.66,0.2182, 0.64, 0.215
model - 1592054525, 1592054535.226, 0.66,0.219, 0.63, 0.2351
model - 1592054525, 1592054535.285, 0.66,0.2273, 0.58, 0.2373
model - 1592054525, 1592054535.34, 0.61,0.2191, 0.57, 0.2388
model - 1592054525, 1592054535.399, 0.65,0.2197, 0.69, 0.2102
model - 1592054525, 1592054535.454, 0.59,0.2303, 0.66, 0.2126
model - 1592054525, 1592054535.516, 0.61,0.2293, 0.62, 0.228
model - 1592054525, 1592054535.572, 0.58,0.2454, 0.52, 0.2603
model - 1592054525, 1592054535.64, 0.66,0.2137, 0.66, 0.2139
model - 1592054525, 1592054535.696, 0.6,0.2285, 0.65, 0.2104
model - 1592054525, 1592054535.755, 0.68,0.2134, 0.62, 0.2326
model - 1592054525, 1592054535.816, 0.61,0.2327, 0.65, 0.22
model - 1592054525, 1592054535.875, 0.61,0.2298, 0.62, 0.2312
model - 1592054525, 1592054535.93, 0.6,0.2306, 0.65, 0.2167
model - 1592054525, 1592054535.99, 0.65,0.2222, 0.49, 0.2593
model - 1592054525, 1592054536.046, 0.61,0.2198, 0.56, 0.2568
model - 1592054525, 1592054536.104, 0.68,0.2106, 0.6, 0.2256
model - 1592054525, 1592054536.161, 0.61,0.2295, 0.65, 0.219
model - 1592054525, 1592054536.219, 0.63,0.2242, 0.73, 0.2041
model - 1592054525, 1592054536.275, 0.66,0.2175, 0.62, 0.2283
model - 1592054525, 1592054536.332, 0.63,0.2286, 0.72, 0.2108
model - 1592054525, 1592054536.402, 0.68,0.217, 0.6, 0.2335
model - 1592054525, 1592054536.476, 0.69,0.2063, 0.63, 0.213
model - 1592054525, 1592054536.547, 0.62,0.2275, 0.63, 0.2278
model - 1592054525, 1592054536.628, 0.61,0.2278, 0.59, 0.2229
model - 1592054525, 1592054536.683, 0.65,0.2249, 0.64, 0.2186
model - 1592054525, 1592054536.74, 0.54,0.2513, 0.64, 0.202
model - 1592054525, 1592054536.797, 0.62,0.2263, 0.66, 0.2179
model - 1592054525, 1592054536.861, 0.64,0.215, 0.64, 0.2046
model - 1592054525, 1592054536.924, 0.63,0.2279, 0.63, 0.2351
model - 1592054525, 1592054536.982, 0.64,0.217, 0.6, 0.227
model - 1592054525, 1592054537.037, 0.65,0.2182, 0.69, 0.2079
model - 1592054525, 1592054537.094, 0.62,0.2228, 0.63, 0.2254
model - 1592054525, 1592054537.147, 0.64,0.2166, 0.68, 0.2087
model - 1592054525, 1592054537.21, 0.65,0.2231, 0.51, 0.2669
model - 1592054525, 1592054537.271, 0.59,0.2401, 0.62, 0.2204
model - 1592054525, 1592054537.329, 0.66,0.2077, 0.57, 0.2498
model - 1592054525, 1592054537.386, 0.6,0.2401, 0.68, 0.2057
model - 1592054525, 1592054537.448, 0.56,0.2538, 0.66, 0.2206
model - 1592054525, 1592054537.517, 0.67,0.2202, 0.65, 0.2111
model - 1592054525, 1592054537.576, 0.62,0.2323, 0.65, 0.2186
model - 1592054525, 1592054537.636, 0.65,0.2187, 0.65, 0.2269
model - 1592054525, 1592054537.698, 0.69,0.2022, 0.67, 0.2101
model - 1592054525, 1592054537.753, 0.61,0.2387, 0.64, 0.2302
model - 1592054525, 1592054537.815, 0.61,0.2191, 0.74, 0.202
model - 1592054525, 1592054537.877, 0.7,0.2067, 0.66, 0.2119
model - 1592054525, 1592054537.936, 0.67,0.2231, 0.6, 0.2276
model - 1592054525, 1592054537.99, 0.67,0.2087, 0.64, 0.2116
model - 1592054525, 1592054538.048, 0.7,0.2083, 0.72, 0.1977
model - 1592054525, 1592054538.106, 0.72,0.2025, 0.61, 0.227
model - 1592054525, 1592054538.165, 0.67,0.2155, 0.64, 0.2359
model - 1592054525, 1592054538.22, 0.69,0.2115, 0.65, 0.2126
model - 1592054525, 1592054538.278, 0.65,0.2227, 0.55, 0.2476
model - 1592054525, 1592054538.332, 0.73,0.197, 0.53, 0.256
model - 1592054525, 1592054538.391, 0.61,0.2166, 0.64, 0.2354
model - 1592054525, 1592054538.447, 0.59,0.2339, 0.51, 0.2589
model - 1592054525, 1592054538.519, 0.61,0.2346, 0.61, 0.2457
model - 1592054525, 1592054538.594, 0.67,0.2215, 0.69, 0.203
model - 1592054525, 1592054538.666, 0.64,0.2238, 0.69, 0.2145
model - 1592054525, 1592054538.725, 0.69,0.2205, 0.63, 0.2216
model - 1592054525, 1592054538.783, 0.69,0.2057, 0.72, 0.1989
model - 1592054525, 1592054538.848, 0.69,0.2075, 0.65, 0.2119
model - 1592054525, 1592054538.908, 0.69,0.2051, 0.63, 0.2178
model - 1592054525, 1592054538.964, 0.7,0.2048, 0.61, 0.2135
model - 1592054525, 1592054539.023, 0.71,0.1917, 0.61, 0.2269
model - 1592054525, 1592054539.08, 0.59,0.2319, 0.71, 0.1958
model - 1592054525, 1592054539.112, 0.58,0.2511, 0.6, 0.2345
model - 1592054525, 1592054539.184, 0.61,0.2258, 0.62, 0.2275
model - 1592054525, 1592054539.24, 0.69,0.1989, 0.7, 0.1986
model - 1592054525, 1592054539.297, 0.65,0.2167, 0.64, 0.2079
model - 1592054525, 1592054539.356, 0.71,0.204, 0.62, 0.2419
model - 1592054525, 1592054539.418, 0.57,0.2514, 0.62, 0.2321
model - 1592054525, 1592054539.475, 0.57,0.2469, 0.67, 0.2161
model - 1592054525, 1592054539.532, 0.64,0.2215, 0.67, 0.225
model - 1592054525, 1592054539.588, 0.66,0.2169, 0.72, 0.2008
model - 1592054525, 1592054539.646, 0.63,0.2238, 0.61, 0.2337
model - 1592054525, 1592054539.71, 0.55,0.2452, 0.54, 0.238
model - 1592054525, 1592054539.769, 0.64,0.2207, 0.61, 0.2291
model - 1592054525, 1592054539.824, 0.68,0.212, 0.63, 0.2254
model - 1592054525, 1592054539.89, 0.61,0.2159, 0.65, 0.2157
model - 1592054525, 1592054539.951, 0.68,0.2218, 0.75, 0.206
model - 1592054525, 1592054540.009, 0.68,0.2224, 0.62, 0.2363
model - 1592054525, 1592054540.065, 0.69,0.2199, 0.67, 0.2256
model - 1592054525, 1592054540.126, 0.69,0.2113, 0.68, 0.2169
model - 1592054525, 1592054540.182, 0.61,0.2306, 0.68, 0.2095
model - 1592054525, 1592054540.24, 0.64,0.2149, 0.65, 0.2078
model - 1592054525, 1592054540.299, 0.71,0.2026, 0.65, 0.2173
model - 1592054525, 1592054540.357, 0.65,0.2244, 0.57, 0.2409
model - 1592054525, 1592054540.414, 0.66,0.2176, 0.75, 0.1962
model - 1592054525, 1592054540.488, 0.68,0.2107, 0.65, 0.2131
model - 1592054525, 1592054540.564, 0.64,0.2128, 0.65, 0.2176
model - 1592054525, 1592054540.645, 0.66,0.2095, 0.69, 0.2056
model - 1592054525, 1592054540.704, 0.65,0.204, 0.69, 0.2008
model - 1592054525, 1592054540.768, 0.66,0.2106, 0.64, 0.2332
model - 1592054525, 1592054540.825, 0.64,0.2322, 0.64, 0.2182
model - 1592054525, 1592054540.887, 0.69,0.2042, 0.64, 0.2248
model - 1592054525, 1592054540.943, 0.66,0.2141, 0.7, 0.2025
model - 1592054525, 1592054541.002, 0.72,0.1978, 0.6, 0.2271
model - 1592054525, 1592054541.059, 0.69,0.2052, 0.72, 0.1963
model - 1592054525, 1592054541.121, 0.66,0.2205, 0.73, 0.195
model - 1592054525, 1592054541.177, 0.68,0.2073, 0.62, 0.2163
model - 1592054525, 1592054541.236, 0.69,0.2008, 0.63, 0.2232
model - 1592054525, 1592054541.293, 0.71,0.1983, 0.69, 0.2083
model - 1592054525, 1592054541.351, 0.75,0.1798, 0.64, 0.2159
model - 1592054525, 1592054541.411, 0.68,0.2127, 0.66, 0.2103
model - 1592054525, 1592054541.47, 0.68,0.2032, 0.65, 0.2072
model - 1592054525, 1592054541.541, 0.7,0.194, 0.69, 0.2052
model - 1592054525, 1592054541.615, 0.72,0.1955, 0.71, 0.2005
model - 1592054525, 1592054541.689, 0.65,0.2136, 0.68, 0.196
model - 1592054525, 1592054541.769, 0.68,0.2111, 0.57, 0.2437
model - 1592054525, 1592054541.839, 0.66,0.2126, 0.68, 0.2056
model - 1592054525, 1592054541.917, 0.64,0.2098, 0.66, 0.2105
model - 1592054525, 1592054541.988, 0.69,0.2048, 0.63, 0.2368
model - 1592054525, 1592054542.067, 0.69,0.202, 0.72, 0.196
model - 1592054525, 1592054542.139, 0.69,0.1986, 0.74, 0.1948
model - 1592054525, 1592054542.214, 0.68,0.2034, 0.68, 0.2017
model - 1592054525, 1592054542.284, 0.68,0.1991, 0.77, 0.1731
model - 1592054525, 1592054542.368, 0.73,0.1897, 0.72, 0.2046
model - 1592054525, 1592054542.444, 0.69,0.2017, 0.7, 0.2045
model - 1592054525, 1592054542.513, 0.69,0.2091, 0.62, 0.2194
model - 1592054525, 1592054542.568, 0.66,0.2155, 0.75, 0.1708
model - 1592054525, 1592054542.625, 0.69,0.1984, 0.71, 0.1937
model - 1592054525, 1592054542.681, 0.69,0.2087, 0.7, 0.2177
model - 1592054525, 1592054542.739, 0.69,0.2006, 0.68, 0.2219
model - 1592054525, 1592054542.804, 0.64,0.2224, 0.7, 0.2034
model - 1592054525, 1592054542.873, 0.67,0.2043, 0.64, 0.2212
model - 1592054525, 1592054542.935, 0.66,0.2121, 0.73, 0.1836
model - 1592054525, 1592054542.993, 0.69,0.2073, 0.63, 0.2214
model - 1592054525, 1592054543.049, 0.71,0.1919, 0.67, 0.209
model - 1592054525, 1592054543.116, 0.73,0.1683, 0.74, 0.1901
model - 1592054525, 1592054543.173, 0.69,0.2067, 0.65, 0.2211
model - 1592054525, 1592054543.231, 0.71,0.2066, 0.7, 0.2247
model - 1592054525, 1592054543.288, 0.69,0.2071, 0.7, 0.192
model - 1592054525, 1592054543.346, 0.71,0.2047, 0.67, 0.2074
model - 1592054525, 1592054543.403, 0.67,0.2119, 0.66, 0.1977
model - 1592054525, 1592054543.46, 0.73,0.1892, 0.65, 0.2271
model - 1592054525, 1592054543.518, 0.64,0.2257, 0.64, 0.2179
model - 1592054525, 1592054543.577, 0.61,0.2296, 0.76, 0.1892
model - 1592054525, 1592054543.631, 0.73,0.1992, 0.64, 0.2137
model - 1592054525, 1592054543.689, 0.59,0.2506, 0.5, 0.2578
model - 1592054525, 1592054543.75, 0.63,0.2189, 0.66, 0.213
model - 1592054525, 1592054543.822, 0.7,0.1933, 0.8, 0.1704
model - 1592054525, 1592054543.877, 0.64,0.2116, 0.71, 0.2033
model - 1592054525, 1592054543.937, 0.67,0.2066, 0.71, 0.1947
model - 1592054525, 1592054543.997, 0.72,0.1962, 0.73, 0.1973
model - 1592054525, 1592054544.056, 0.67,0.2148, 0.6, 0.2183
model - 1592054525, 1592054544.112, 0.71,0.1913, 0.72, 0.199
model - 1592054525, 1592054544.171, 0.65,0.2181, 0.6, 0.2355
model - 1592054525, 1592054544.227, 0.63,0.2418, 0.78, 0.1775
model - 1592054525, 1592054544.289, 0.69,0.1958, 0.73, 0.2024
model - 1592054525, 1592054544.344, 0.64,0.2327, 0.57, 0.2287
model - 1592054525, 1592054544.404, 0.54,0.2633, 0.58, 0.242
model - 1592054525, 1592054544.459, 0.69,0.2, 0.77, 0.1734
model - 1592054525, 1592054544.527, 0.68,0.2134, 0.72, 0.2056
model - 1592054525, 1592054544.598, 0.69,0.2077, 0.59, 0.2305
model - 1592054525, 1592054544.661, 0.8,0.1902, 0.66, 0.2177
model - 1592054525, 1592054544.72, 0.69,0.2135, 0.77, 0.1951
model - 1592054525, 1592054544.78, 0.69,0.1988, 0.68, 0.2034
model - 1592054525, 1592054544.839, 0.72,0.1976, 0.75, 0.1987
model - 1592054525, 1592054544.903, 0.69,0.2042, 0.69, 0.2053
model - 1592054525, 1592054544.966, 0.73,0.1849, 0.76, 0.1902
model - 1592054525, 1592054545.025, 0.73,0.1909, 0.75, 0.197
model - 1592054525, 1592054545.081, 0.74,0.1895, 0.66, 0.2335
model - 1592054525, 1592054545.14, 0.69,0.1901, 0.67, 0.2094
model - 1592054525, 1592054545.197, 0.72,0.1838, 0.69, 0.2035
model - 1592054525, 1592054545.259, 0.7,0.2085, 0.74, 0.182
model - 1592054525, 1592054545.32, 0.73,0.1766, 0.65, 0.2181
model - 1592054525, 1592054545.384, 0.7,0.1992, 0.71, 0.1979
model - 1592054525, 1592054545.452, 0.69,0.2095, 0.71, 0.1805
model - 1592054525, 1592054545.514, 0.66,0.2131, 0.63, 0.1979
model - 1592054525, 1592054545.57, 0.67,0.2056, 0.67, 0.2152
model - 1592054525, 1592054545.628, 0.67,0.2101, 0.71, 0.1784
model - 1592054525, 1592054545.684, 0.7,0.208, 0.68, 0.1833
model - 1592054525, 1592054545.743, 0.7,0.1839, 0.72, 0.199
model - 1592054525, 1592054545.801, 0.72,0.1921, 0.73, 0.1903
model - 1592054525, 1592054545.864, 0.74,0.1873, 0.67, 0.2083
model - 1592054525, 1592054545.921, 0.69,0.2006, 0.63, 0.224
model - 1592054525, 1592054545.987, 0.72,0.1877, 0.72, 0.1998
model - 1592054525, 1592054546.044, 0.67,0.2123, 0.76, 0.1823
model - 1592054525, 1592054546.075, 0.65,0.2326, 0.6, 0.2407
model - 1592054525, 1592054546.142, 0.67,0.2216, 0.66, 0.2223
model - 1592054525, 1592054546.2, 0.71,0.1888, 0.67, 0.1985
model - 1592054525, 1592054546.259, 0.7,0.1914, 0.65, 0.222
model - 1592054525, 1592054546.317, 0.67,0.207, 0.6, 0.2376
model - 1592054525, 1592054546.376, 0.55,0.2488, 0.6, 0.2257
model - 1592054525, 1592054546.436, 0.59,0.2384, 0.64, 0.2314
model - 1592054525, 1592054546.497, 0.67,0.2076, 0.62, 0.2104
model - 1592054525, 1592054546.553, 0.73,0.1923, 0.7, 0.1994
model - 1592054525, 1592054546.611, 0.68,0.213, 0.66, 0.2192
model - 1592054525, 1592054546.67, 0.59,0.2405, 0.69, 0.2125
model - 1592054525, 1592054546.731, 0.71,0.1967, 0.74, 0.1851
model - 1592054525, 1592054546.785, 0.69,0.1997, 0.7, 0.2023
model - 1592054525, 1592054546.843, 0.65,0.2178, 0.74, 0.1751
model - 1592054525, 1592054546.909, 0.67,0.2196, 0.71, 0.2004
model - 1592054525, 1592054546.973, 0.67,0.2006, 0.64, 0.2243
model - 1592054525, 1592054547.029, 0.66,0.2073, 0.66, 0.23
model - 1592054525, 1592054547.093, 0.7,0.1909, 0.69, 0.1984
model - 1592054525, 1592054547.158, 0.64,0.2129, 0.67, 0.2095
model - 1592054525, 1592054547.217, 0.71,0.1982, 0.76, 0.1688
model - 1592054525, 1592054547.273, 0.72,0.1832, 0.7, 0.1941
model - 1592054525, 1592054547.336, 0.71,0.1982, 0.62, 0.2321
model - 1592054525, 1592054547.394, 0.67,0.2085, 0.64, 0.1986
model - 1592054525, 1592054547.453, 0.71,0.1903, 0.72, 0.181
model - 1592054525, 1592054547.509, 0.76,0.1835, 0.65, 0.2223
model - 1592054525, 1592054547.568, 0.68,0.1997, 0.71, 0.2058
model - 1592054525, 1592054547.626, 0.71,0.1876, 0.68, 0.2117
model - 1592054525, 1592054547.684, 0.66,0.2028, 0.62, 0.2375
model - 1592054525, 1592054547.744, 0.69,0.2155, 0.76, 0.1796
model - 1592054525, 1592054547.805, 0.72,0.1893, 0.77, 0.1751
model - 1592054525, 1592054547.86, 0.67,0.2048, 0.65, 0.208
model - 1592054525, 1592054547.928, 0.77,0.1728, 0.68, 0.2148
model - 1592054525, 1592054547.992, 0.69,0.1976, 0.67, 0.1936
model - 1592054525, 1592054548.052, 0.7,0.2014, 0.72, 0.1757
model - 1592054525, 1592054548.107, 0.68,0.1952, 0.73, 0.1905
model - 1592054525, 1592054548.166, 0.75,0.1908, 0.7, 0.1869
model - 1592054525, 1592054548.224, 0.75,0.185, 0.76, 0.1711
model - 1592054525, 1592054548.283, 0.76,0.1689, 0.75, 0.193
model - 1592054525, 1592054548.338, 0.71,0.2062, 0.73, 0.2005
model - 1592054525, 1592054548.399, 0.71,0.1901, 0.75, 0.1623
model - 1592054525, 1592054548.455, 0.71,0.1911, 0.67, 0.2166
model - 1592054525, 1592054548.515, 0.74,0.1805, 0.73, 0.1847
model - 1592054525, 1592054548.571, 0.69,0.1945, 0.69, 0.2007
model - 1592054525, 1592054548.633, 0.71,0.1853, 0.63, 0.2231
model - 1592054525, 1592054548.694, 0.7,0.1954, 0.74, 0.1854
model - 1592054525, 1592054548.753, 0.7,0.1942, 0.74, 0.1977
model - 1592054525, 1592054548.807, 0.73,0.1859, 0.62, 0.2078
model - 1592054525, 1592054548.865, 0.75,0.1868, 0.75, 0.1793
model - 1592054525, 1592054548.927, 0.71,0.1843, 0.68, 0.217
model - 1592054525, 1592054548.992, 0.74,0.1793, 0.65, 0.2025
model - 1592054525, 1592054549.049, 0.68,0.1929, 0.71, 0.2075
model - 1592054525, 1592054549.107, 0.74,0.1717, 0.74, 0.1849
model - 1592054525, 1592054549.163, 0.71,0.182, 0.63, 0.2176
model - 1592054525, 1592054549.221, 0.67,0.2046, 0.7, 0.1969
model - 1592054525, 1592054549.278, 0.69,0.2039, 0.73, 0.1981
model - 1592054525, 1592054549.341, 0.7,0.1814, 0.71, 0.204
model - 1592054525, 1592054549.399, 0.7,0.1943, 0.73, 0.184
model - 1592054525, 1592054549.459, 0.74,0.1755, 0.73, 0.1806
model - 1592054525, 1592054549.516, 0.63,0.2118, 0.79, 0.1559
model - 1592054525, 1592054549.58, 0.73,0.1873, 0.78, 0.1577
model - 1592054525, 1592054549.636, 0.71,0.1913, 0.81, 0.1389
model - 1592054525, 1592054549.695, 0.72,0.1866, 0.76, 0.166
model - 1592054525, 1592054549.75, 0.71,0.1702, 0.81, 0.143
model - 1592054525, 1592054549.808, 0.78,0.1572, 0.65, 0.2059
model - 1592054525, 1592054549.865, 0.69,0.1939, 0.68, 0.2098
model - 1592054525, 1592054549.929, 0.69,0.1899, 0.68, 0.1959
model - 1592054525, 1592054549.991, 0.74,0.1872, 0.65, 0.2161
model - 1592054525, 1592054550.058, 0.7,0.1885, 0.65, 0.242
model - 1592054525, 1592054550.117, 0.69,0.2116, 0.77, 0.1782
model - 1592054525, 1592054550.177, 0.65,0.2024, 0.75, 0.1808
model - 1592054525, 1592054550.232, 0.69,0.201, 0.62, 0.2248
model - 1592054525, 1592054550.291, 0.6,0.2415, 0.64, 0.2253
model - 1592054525, 1592054550.347, 0.68,0.2076, 0.73, 0.1738
model - 1592054525, 1592054550.406, 0.65,0.2301, 0.7, 0.1938
model - 1592054525, 1592054550.466, 0.72,0.1997, 0.53, 0.2677
model - 1592054525, 1592054550.524, 0.67,0.1967, 0.56, 0.2434
model - 1592054525, 1592054550.581, 0.64,0.2258, 0.73, 0.174
model - 1592054525, 1592054550.64, 0.67,0.1951, 0.71, 0.1782
model - 1592054525, 1592054550.697, 0.71,0.1803, 0.72, 0.1796
model - 1592054525, 1592054550.756, 0.69,0.2013, 0.61, 0.2246
model - 1592054525, 1592054550.812, 0.66,0.2249, 0.77, 0.1745
model - 1592054525, 1592054550.871, 0.69,0.2044, 0.68, 0.1993
model - 1592054525, 1592054550.927, 0.69,0.2027, 0.67, 0.1964
model - 1592054525, 1592054550.994, 0.65,0.1994, 0.62, 0.2166
model - 1592054525, 1592054551.057, 0.6,0.2438, 0.76, 0.1762
model - 1592054525, 1592054551.118, 0.71,0.1931, 0.7, 0.2021
model - 1592054525, 1592054551.175, 0.73,0.1843, 0.69, 0.211
model - 1592054525, 1592054551.235, 0.67,0.2065, 0.63, 0.2122
model - 1592054525, 1592054551.294, 0.69,0.1916, 0.76, 0.1772
model - 1592054525, 1592054551.351, 0.77,0.1718, 0.71, 0.1965
model - 1592054525, 1592054551.406, 0.65,0.2139, 0.66, 0.22
model - 1592054525, 1592054551.475, 0.69,0.2028, 0.77, 0.1754
model - 1592054525, 1592054551.533, 0.69,0.2027, 0.74, 0.1875
model - 1592054525, 1592054551.591, 0.72,0.1925, 0.67, 0.1986
model - 1592054525, 1592054551.646, 0.73,0.1732, 0.71, 0.191
model - 1592054525, 1592054551.707, 0.74,0.1844, 0.68, 0.2044
model - 1592054525, 1592054551.762, 0.76,0.1746, 0.7, 0.1888
model - 1592054525, 1592054551.819, 0.71,0.1798, 0.74, 0.1833
model - 1592054525, 1592054551.873, 0.76,0.1742, 0.7, 0.1997
model - 1592054525, 1592054551.93, 0.73,0.1943, 0.63, 0.238
model - 1592054525, 1592054551.988, 0.76,0.1658, 0.75, 0.1707
model - 1592054525, 1592054552.051, 0.74,0.1783, 0.72, 0.1954
model - 1592054525, 1592054552.108, 0.69,0.2067, 0.65, 0.2305
model - 1592054525, 1592054552.166, 0.66,0.208, 0.74, 0.1775
model - 1592054525, 1592054552.22, 0.73,0.1813, 0.73, 0.1922
model - 1592054525, 1592054552.278, 0.68,0.2039, 0.62, 0.2301
model - 1592054525, 1592054552.334, 0.76,0.1876, 0.76, 0.1723
model - 1592054525, 1592054552.395, 0.74,0.1655, 0.73, 0.1805
model - 1592054525, 1592054552.451, 0.7,0.1897, 0.71, 0.1851
model - 1592054525, 1592054552.515, 0.74,0.1783, 0.56, 0.2404
model - 1592054525, 1592054552.586, 0.72,0.1916, 0.58, 0.245
model - 1592054525, 1592054552.651, 0.72,0.1867, 0.71, 0.2002
model - 1592054525, 1592054552.709, 0.71,0.1961, 0.79, 0.1741
model - 1592054525, 1592054552.741, 0.79,0.1804, 0.75, 0.1843
model - 1592054525, 1592054552.802, 0.73,0.1787, 0.67, 0.1998
model - 1592054525, 1592054552.857, 0.74,0.1754, 0.72, 0.1854
model - 1592054525, 1592054552.916, 0.69,0.202, 0.7, 0.1905
model - 1592054525, 1592054552.979, 0.69,0.1945, 0.68, 0.2221
model - 1592054525, 1592054553.056, 0.66,0.2177, 0.65, 0.2117
model - 1592054525, 1592054553.112, 0.64,0.2265, 0.63, 0.2202
model - 1592054525, 1592054553.171, 0.73,0.19, 0.7, 0.1962
model - 1592054525, 1592054553.231, 0.75,0.1711, 0.71, 0.1918
model - 1592054525, 1592054553.29, 0.73,0.1887, 0.71, 0.2007
model - 1592054525, 1592054553.35, 0.64,0.2259, 0.63, 0.2124
model - 1592054525, 1592054553.411, 0.68,0.1976, 0.75, 0.1792
model - 1592054525, 1592054553.472, 0.74,0.184, 0.7, 0.1889
model - 1592054525, 1592054553.532, 0.72,0.1727, 0.67, 0.2012
model - 1592054525, 1592054553.587, 0.69,0.2027, 0.61, 0.231
model - 1592054525, 1592054553.649, 0.69,0.1879, 0.57, 0.2242
model - 1592054525, 1592054553.708, 0.74,0.188, 0.73, 0.1882
model - 1592054525, 1592054553.768, 0.75,0.1707, 0.62, 0.2119
model - 1592054525, 1592054553.824, 0.73,0.1919, 0.7, 0.1964
model - 1592054525, 1592054553.884, 0.65,0.208, 0.69, 0.2001
model - 1592054525, 1592054553.942, 0.78,0.1661, 0.64, 0.2073
model - 1592054525, 1592054554.001, 0.71,0.1853, 0.59, 0.2313
model - 1592054525, 1592054554.069, 0.69,0.1955, 0.65, 0.1979
model - 1592054525, 1592054554.129, 0.71,0.1831, 0.67, 0.2006
model - 1592054525, 1592054554.186, 0.69,0.2015, 0.74, 0.1767
model - 1592054525, 1592054554.245, 0.7,0.1972, 0.81, 0.146
model - 1592054525, 1592054554.302, 0.78,0.1763, 0.75, 0.1796
model - 1592054525, 1592054554.374, 0.68,0.1965, 0.76, 0.1858
model - 1592054525, 1592054554.439, 0.66,0.2098, 0.78, 0.1669
model - 1592054525, 1592054554.502, 0.77,0.1773, 0.65, 0.2045
model - 1592054525, 1592054554.562, 0.68,0.1975, 0.81, 0.146
model - 1592054525, 1592054554.628, 0.81,0.1602, 0.8, 0.1616
model - 1592054525, 1592054554.683, 0.71,0.1771, 0.71, 0.1871
model - 1592054525, 1592054554.742, 0.72,0.1942, 0.66, 0.1955
model - 1592054525, 1592054554.799, 0.7,0.1827, 0.77, 0.1664
model - 1592054525, 1592054554.856, 0.77,0.17, 0.7, 0.1783
model - 1592054525, 1592054554.911, 0.72,0.1748, 0.63, 0.2302
model - 1592054525, 1592054554.969, 0.77,0.1619, 0.75, 0.1721
model - 1592054525, 1592054555.024, 0.75,0.188, 0.69, 0.2023
model - 1592054525, 1592054555.094, 0.73,0.1802, 0.76, 0.1784
model - 1592054525, 1592054555.15, 0.77,0.1708, 0.73, 0.1824
model - 1592054525, 1592054555.209, 0.76,0.1722, 0.69, 0.2185
model - 1592054525, 1592054555.268, 0.71,0.1797, 0.77, 0.1739
model - 1592054525, 1592054555.327, 0.76,0.1716, 0.74, 0.1773
model - 1592054525, 1592054555.386, 0.76,0.1756, 0.74, 0.1804
model - 1592054525, 1592054555.446, 0.72,0.1806, 0.66, 0.2033
model - 1592054525, 1592054555.501, 0.74,0.169, 0.76, 0.1717
model - 1592054525, 1592054555.559, 0.73,0.177, 0.7, 0.1747
model - 1592054525, 1592054555.619, 0.74,0.1708, 0.74, 0.1773
model - 1592054525, 1592054555.678, 0.78,0.168, 0.74, 0.1801
model - 1592054525, 1592054555.733, 0.71,0.1812, 0.7, 0.2035
model - 1592054525, 1592054555.792, 0.78,0.1634, 0.69, 0.1847
model - 1592054525, 1592054555.853, 0.77,0.1705, 0.77, 0.1713
model - 1592054525, 1592054555.915, 0.71,0.1895, 0.62, 0.2199
model - 1592054525, 1592054555.97, 0.72,0.1907, 0.72, 0.1819
model - 1592054525, 1592054556.029, 0.72,0.1793, 0.7, 0.2069
model - 1592054525, 1592054556.084, 0.74,0.1841, 0.75, 0.1602
model - 1592054525, 1592054556.16, 0.76,0.1683, 0.76, 0.1653
model - 1592054525, 1592054556.217, 0.68,0.1999, 0.85, 0.1346
model - 1592054525, 1592054556.276, 0.76,0.1731, 0.63, 0.2308
model - 1592054525, 1592054556.332, 0.72,0.1886, 0.66, 0.2229
model - 1592054525, 1592054556.392, 0.72,0.1746, 0.71, 0.1934
model - 1592054525, 1592054556.452, 0.78,0.1535, 0.74, 0.1778
model - 1592054525, 1592054556.521, 0.8,0.1467, 0.7, 0.1855
model - 1592054525, 1592054556.597, 0.71,0.1873, 0.74, 0.1903
model - 1592054525, 1592054556.66, 0.75,0.1774, 0.71, 0.1906
model - 1592054525, 1592054556.717, 0.73,0.1793, 0.79, 0.1549
model - 1592054525, 1592054556.781, 0.69,0.1909, 0.66, 0.2194
model - 1592054525, 1592054556.838, 0.72,0.1969, 0.64, 0.216
model - 1592054525, 1592054556.898, 0.69,0.2024, 0.72, 0.1717
model - 1592054525, 1592054556.953, 0.67,0.1886, 0.69, 0.1878
model - 1592054525, 1592054557.016, 0.66,0.2192, 0.72, 0.1868
model - 1592054525, 1592054557.072, 0.7,0.2054, 0.79, 0.1606
model - 1592054525, 1592054557.136, 0.67,0.2138, 0.63, 0.2134
model - 1592054525, 1592054557.203, 0.74,0.1967, 0.76, 0.1812
model - 1592054525, 1592054557.261, 0.67,0.1973, 0.74, 0.1904
model - 1592054525, 1592054557.317, 0.68,0.2123, 0.7, 0.1859
model - 1592054525, 1592054557.375, 0.71,0.1853, 0.72, 0.178
model - 1592054525, 1592054557.431, 0.77,0.1694, 0.7, 0.197
model - 1592054525, 1592054557.489, 0.69,0.1935, 0.72, 0.1883
model - 1592054525, 1592054557.545, 0.69,0.2012, 0.78, 0.1621
model - 1592054525, 1592054557.604, 0.75,0.1841, 0.79, 0.1662
model - 1592054525, 1592054557.66, 0.7,0.1998, 0.74, 0.189
model - 1592054525, 1592054557.716, 0.67,0.2022, 0.7, 0.2052
model - 1592054525, 1592054557.773, 0.67,0.2266, 0.69, 0.1779
model - 1592054525, 1592054557.831, 0.7,0.1922, 0.68, 0.2055
model - 1592054525, 1592054557.887, 0.72,0.1804, 0.74, 0.186
model - 1592054525, 1592054557.946, 0.7,0.1925, 0.73, 0.2052
model - 1592054525, 1592054558.009, 0.69,0.188, 0.71, 0.178
model - 1592054525, 1592054558.068, 0.8,0.1544, 0.77, 0.1723
model - 1592054525, 1592054558.123, 0.74,0.1923, 0.79, 0.1577
model - 1592054525, 1592054558.191, 0.72,0.1812, 0.79, 0.1492
model - 1592054525, 1592054558.246, 0.7,0.1896, 0.72, 0.1814
model - 1592054525, 1592054558.305, 0.76,0.1808, 0.66, 0.1975
model - 1592054525, 1592054558.361, 0.75,0.1615, 0.73, 0.1829
model - 1592054525, 1592054558.419, 0.78,0.1712, 0.73, 0.1713
model - 1592054525, 1592054558.476, 0.76,0.1568, 0.74, 0.2058
model - 1592054525, 1592054558.534, 0.75,0.1673, 0.68, 0.2124
model - 1592054525, 1592054558.597, 0.76,0.1601, 0.77, 0.1703
model - 1592054525, 1592054558.655, 0.74,0.1776, 0.74, 0.1822
model - 1592054525, 1592054558.711, 0.76,0.1526, 0.7, 0.175
model - 1592054525, 1592054558.774, 0.77,0.1668, 0.65, 0.2116
model - 1592054525, 1592054558.83, 0.75,0.1902, 0.66, 0.2151
model - 1592054525, 1592054558.892, 0.67,0.2001, 0.72, 0.175
model - 1592054525, 1592054558.947, 0.76,0.1684, 0.65, 0.1955
model - 1592054525, 1592054559.007, 0.68,0.2013, 0.76, 0.1704
model - 1592054525, 1592054559.062, 0.77,0.1729, 0.73, 0.1683
model - 1592054525, 1592054559.12, 0.71,0.1695, 0.68, 0.2127
model - 1592054525, 1592054559.176, 0.7,0.178, 0.8, 0.1632
model - 1592054525, 1592054559.249, 0.77,0.1646, 0.74, 0.1685
model - 1592054525, 1592054559.306, 0.72,0.1806, 0.71, 0.203
model - 1592054525, 1592054559.364, 0.76,0.1759, 0.68, 0.1939
model - 1592054525, 1592054559.422, 0.73,0.1798, 0.71, 0.196
model - 1592054525, 1592054559.459, 0.81,0.1586, 0.73, 0.1734
model - 1592054525, 1592054559.527, 0.71,0.1744, 0.71, 0.1723
model - 1592054525, 1592054559.584, 0.77,0.1665, 0.75, 0.1884
model - 1592054525, 1592054559.644, 0.71,0.1891, 0.76, 0.1669
model - 1592054525, 1592054559.7, 0.73,0.1826, 0.68, 0.2057
model - 1592054525, 1592054559.759, 0.68,0.2011, 0.71, 0.191
model - 1592054525, 1592054559.817, 0.69,0.21, 0.7, 0.1904
model - 1592054525, 1592054559.878, 0.76,0.1772, 0.73, 0.1813
model - 1592054525, 1592054559.934, 0.75,0.1681, 0.74, 0.1797
model - 1592054525, 1592054559.994, 0.76,0.174, 0.61, 0.2332
model - 1592054525, 1592054560.051, 0.7,0.2072, 0.72, 0.1898
model - 1592054525, 1592054560.11, 0.7,0.1843, 0.71, 0.1881
model - 1592054525, 1592054560.171, 0.75,0.1743, 0.62, 0.2227
model - 1592054525, 1592054560.241, 0.77,0.161, 0.72, 0.1888
model - 1592054525, 1592054560.299, 0.71,0.1871, 0.75, 0.1889
model - 1592054525, 1592054560.367, 0.76,0.1713, 0.66, 0.2009
model - 1592054525, 1592054560.425, 0.74,0.1774, 0.72, 0.1937
model - 1592054525, 1592054560.501, 0.77,0.1629, 0.74, 0.1788
model - 1592054525, 1592054560.557, 0.74,0.1834, 0.73, 0.1771
model - 1592054525, 1592054560.616, 0.7,0.1994, 0.76, 0.1646
model - 1592054525, 1592054560.671, 0.78,0.1557, 0.8, 0.1552
model - 1592054525, 1592054560.731, 0.74,0.169, 0.78, 0.1695
model - 1592054525, 1592054560.786, 0.71,0.1842, 0.69, 0.2018
model - 1592054525, 1592054560.844, 0.72,0.1694, 0.71, 0.1924
model - 1592054525, 1592054560.901, 0.77,0.1726, 0.75, 0.1739
model - 1592054525, 1592054560.964, 0.73,0.1778, 0.69, 0.201
model - 1592054525, 1592054561.028, 0.8,0.1653, 0.73, 0.1659
model - 1592054525, 1592054561.086, 0.72,0.1896, 0.73, 0.1858
model - 1592054525, 1592054561.144, 0.69,0.2072, 0.64, 0.2391
model - 1592054525, 1592054561.203, 0.79,0.1625, 0.64, 0.2338
model - 1592054525, 1592054561.276, 0.71,0.1831, 0.72, 0.2048
model - 1592054525, 1592054561.334, 0.79,0.1566, 0.71, 0.1913
model - 1592054525, 1592054561.389, 0.77,0.1626, 0.76, 0.1858
model - 1592054525, 1592054561.447, 0.71,0.1903, 0.79, 0.1572
model - 1592054525, 1592054561.503, 0.72,0.1799, 0.66, 0.2288
model - 1592054525, 1592054561.561, 0.76,0.1574, 0.71, 0.2018
model - 1592054525, 1592054561.617, 0.77,0.1637, 0.64, 0.207
model - 1592054525, 1592054561.673, 0.83,0.147, 0.69, 0.1884
model - 1592054525, 1592054561.731, 0.73,0.1795, 0.75, 0.1704
model - 1592054525, 1592054561.789, 0.71,0.1838, 0.73, 0.1816
model - 1592054525, 1592054561.842, 0.79,0.162, 0.69, 0.2062
model - 1592054525, 1592054561.898, 0.76,0.1706, 0.71, 0.2028
model - 1592054525, 1592054561.952, 0.74,0.1682, 0.79, 0.1545
model - 1592054525, 1592054562.008, 0.78,0.1658, 0.78, 0.1482
model - 1592054525, 1592054562.062, 0.78,0.1662, 0.76, 0.1554
model - 1592054525, 1592054562.12, 0.72,0.1735, 0.61, 0.2328
model - 1592054525, 1592054562.175, 0.74,0.165, 0.74, 0.1803
model - 1592054525, 1592054562.235, 0.73,0.1703, 0.73, 0.1986
model - 1592054525, 1592054562.294, 0.75,0.1651, 0.72, 0.1663
model - 1592054525, 1592054562.355, 0.81,0.1583, 0.75, 0.1677
model - 1592054525, 1592054562.416, 0.78,0.17, 0.7, 0.1948
model - 1592054525, 1592054562.476, 0.79,0.1584, 0.72, 0.1754
model - 1592054525, 1592054562.536, 0.77,0.1613, 0.7, 0.1979
model - 1592054525, 1592054562.599, 0.73,0.1826, 0.76, 0.1553
model - 1592054525, 1592054562.655, 0.71,0.1807, 0.76, 0.16
model - 1592054525, 1592054562.718, 0.73,0.1714, 0.77, 0.1574
model - 1592054525, 1592054562.776, 0.76,0.1834, 0.79, 0.1356
model - 1592054525, 1592054562.835, 0.75,0.1584, 0.76, 0.165
model - 1592054525, 1592054562.893, 0.73,0.184, 0.79, 0.1462
model - 1592054525, 1592054562.963, 0.77,0.1644, 0.72, 0.1828
model - 1592054525, 1592054563.021, 0.73,0.1836, 0.72, 0.184
model - 1592054525, 1592054563.081, 0.76,0.1643, 0.75, 0.1859
model - 1592054525, 1592054563.138, 0.77,0.1515, 0.67, 0.1908
model - 1592054525, 1592054563.198, 0.84,0.1378, 0.71, 0.1861
model - 1592054525, 1592054563.264, 0.71,0.187, 0.73, 0.1731
model - 1592054525, 1592054563.329, 0.79,0.1544, 0.68, 0.2
model - 1592054525, 1592054563.386, 0.79,0.1581, 0.71, 0.2072
model - 1592054525, 1592054563.45, 0.73,0.1892, 0.73, 0.2037
model - 1592054525, 1592054563.521, 0.76,0.1759, 0.78, 0.1382
model - 1592054525, 1592054563.598, 0.71,0.1869, 0.73, 0.1645
model - 1592054525, 1592054563.67, 0.71,0.1821, 0.7, 0.1981
model - 1592054525, 1592054563.745, 0.69,0.2105, 0.74, 0.1877
model - 1592054525, 1592054563.817, 0.77,0.1793, 0.74, 0.1693
model - 1592054525, 1592054563.893, 0.71,0.1981, 0.69, 0.1882
model - 1592054525, 1592054563.964, 0.76,0.1707, 0.7, 0.1904
model - 1592054525, 1592054564.04, 0.72,0.1726, 0.66, 0.2148
model - 1592054525, 1592054564.117, 0.7,0.2015, 0.75, 0.1731
model - 1592054525, 1592054564.191, 0.73,0.1688, 0.76, 0.1807
model - 1592054525, 1592054564.268, 0.75,0.1705, 0.79, 0.1707
model - 1592054525, 1592054564.35, 0.71,0.1901, 0.67, 0.2069
model - 1592054525, 1592054564.426, 0.69,0.2062, 0.72, 0.1778
model - 1592054525, 1592054564.497, 0.72,0.1802, 0.75, 0.1788
model - 1592054525, 1592054564.553, 0.73,0.1874, 0.71, 0.1912
model - 1592054525, 1592054564.611, 0.7,0.1876, 0.73, 0.1809
model - 1592054525, 1592054564.668, 0.69,0.2069, 0.75, 0.1808
model - 1592054525, 1592054564.736, 0.71,0.1881, 0.76, 0.1821
model - 1592054525, 1592054564.792, 0.74,0.1697, 0.76, 0.1789
model - 1592054525, 1592054564.849, 0.72,0.1827, 0.73, 0.1841
model - 1592054525, 1592054564.906, 0.73,0.1846, 0.78, 0.1513
model - 1592054525, 1592054564.964, 0.81,0.1426, 0.64, 0.2238
model - 1592054525, 1592054565.02, 0.72,0.1726, 0.69, 0.1794
model - 1592054525, 1592054565.078, 0.73,0.1686, 0.76, 0.174
model - 1592054525, 1592054565.134, 0.76,0.1707, 0.71, 0.1734
model - 1592054525, 1592054565.198, 0.76,0.1681, 0.8, 0.1553
model - 1592054525, 1592054565.253, 0.82,0.143, 0.8, 0.1559
model - 1592054525, 1592054565.318, 0.79,0.1618, 0.75, 0.1675
model - 1592054525, 1592054565.378, 0.81,0.1412, 0.77, 0.1577
model - 1592054525, 1592054565.437, 0.8,0.1524, 0.68, 0.1963
model - 1592054525, 1592054565.5, 0.77,0.153, 0.74, 0.1895
model - 1592054525, 1592054565.574, 0.76,0.1646, 0.69, 0.1791
model - 1592054525, 1592054565.64, 0.78,0.1454, 0.76, 0.1635
model - 1592054525, 1592054565.699, 0.75,0.1634, 0.79, 0.1472
model - 1592054525, 1592054565.755, 0.75,0.182, 0.74, 0.1732
model - 1592054525, 1592054565.818, 0.71,0.1821, 0.69, 0.1856
model - 1592054525, 1592054565.873, 0.79,0.1588, 0.71, 0.1676
model - 1592054525, 1592054565.932, 0.71,0.1932, 0.74, 0.165
model - 1592054525, 1592054565.989, 0.78,0.1622, 0.8, 0.1451
model - 1592054525, 1592054566.047, 0.72,0.1597, 0.78, 0.1721
model - 1592054525, 1592054566.105, 0.73,0.1688, 0.78, 0.1646
model - 1592054525, 1592054566.163, 0.8,0.1491, 0.73, 0.1848
model - 1592054525, 1592054566.219, 0.78,0.1655, 0.67, 0.1946
model - 1592054525, 1592054566.278, 0.76,0.1646, 0.79, 0.1838
model - 1592054525, 1592054566.345, 0.76,0.169, 0.74, 0.1897
model - 1592054525, 1592054566.387, 0.87,0.1346, 0.79, 0.1341
model - 1592054525, 1592054566.45, 0.73,0.1722, 0.63, 0.2339
model - 1592054525, 1592054566.505, 0.78,0.1567, 0.79, 0.1685
model - 1592054525, 1592054566.562, 0.73,0.1814, 0.68, 0.2265
model - 1592054525, 1592054566.628, 0.73,0.1743, 0.73, 0.1933
model - 1592054525, 1592054566.689, 0.71,0.1855, 0.69, 0.2168
model - 1592054525, 1592054566.745, 0.7,0.1899, 0.71, 0.1937
model - 1592054525, 1592054566.804, 0.78,0.1663, 0.71, 0.1809
model - 1592054525, 1592054566.858, 0.77,0.1588, 0.77, 0.167
model - 1592054525, 1592054566.921, 0.76,0.1645, 0.77, 0.1672
model - 1592054525, 1592054566.977, 0.71,0.1946, 0.67, 0.2207
model - 1592054525, 1592054567.036, 0.74,0.1726, 0.72, 0.1845
model - 1592054525, 1592054567.092, 0.76,0.166, 0.7, 0.1952
model - 1592054525, 1592054567.149, 0.79,0.1578, 0.63, 0.2383
model - 1592054525, 1592054567.207, 0.77,0.1607, 0.67, 0.1925
model - 1592054525, 1592054567.264, 0.77,0.1598, 0.71, 0.1654
model - 1592054525, 1592054567.325, 0.73,0.157, 0.67, 0.1961
model - 1592054525, 1592054567.384, 0.78,0.1517, 0.73, 0.1679
model - 1592054525, 1592054567.451, 0.76,0.1758, 0.68, 0.1989
model - 1592054525, 1592054567.511, 0.76,0.1719, 0.72, 0.1797
model - 1592054525, 1592054567.567, 0.83,0.1369, 0.85, 0.1422
model - 1592054525, 1592054567.627, 0.77,0.154, 0.82, 0.1288
model - 1592054525, 1592054567.684, 0.76,0.1785, 0.68, 0.1829
model - 1592054525, 1592054567.749, 0.79,0.1456, 0.74, 0.1692
model - 1592054525, 1592054567.807, 0.8,0.1528, 0.76, 0.1621
model - 1592054525, 1592054567.866, 0.77,0.1671, 0.8, 0.1552
model - 1592054525, 1592054567.923, 0.81,0.1491, 0.75, 0.19
model - 1592054525, 1592054567.987, 0.72,0.1782, 0.75, 0.1723
model - 1592054525, 1592054568.044, 0.72,0.1933, 0.66, 0.2277
model - 1592054525, 1592054568.119, 0.79,0.1503, 0.79, 0.1612
model - 1592054525, 1592054568.191, 0.74,0.1712, 0.72, 0.1627
model - 1592054525, 1592054568.267, 0.8,0.1491, 0.64, 0.22
model - 1592054525, 1592054568.346, 0.8,0.145, 0.82, 0.1378
model - 1592054525, 1592054568.425, 0.7,0.1927, 0.64, 0.2257
model - 1592054525, 1592054568.508, 0.76,0.1721, 0.82, 0.1487
model - 1592054525, 1592054568.568, 0.81,0.1406, 0.75, 0.1713
model - 1592054525, 1592054568.623, 0.81,0.1538, 0.78, 0.1671
model - 1592054525, 1592054568.68, 0.83,0.1376, 0.76, 0.1726
model - 1592054525, 1592054568.735, 0.75,0.1754, 0.75, 0.163
model - 1592054525, 1592054568.795, 0.72,0.1774, 0.74, 0.1651
model - 1592054525, 1592054568.85, 0.78,0.1544, 0.78, 0.1457
model - 1592054525, 1592054568.907, 0.77,0.1633, 0.79, 0.1458
model - 1592054525, 1592054568.963, 0.78,0.1613, 0.7, 0.2286
model - 1592054525, 1592054569.019, 0.78,0.157, 0.86, 0.115
model - 1592054525, 1592054569.08, 0.8,0.1512, 0.77, 0.1603
model - 1592054525, 1592054569.137, 0.76,0.1627, 0.76, 0.1495
model - 1592054525, 1592054569.191, 0.73,0.1684, 0.68, 0.1786
model - 1592054525, 1592054569.248, 0.77,0.1638, 0.78, 0.1637
model - 1592054525, 1592054569.304, 0.77,0.1632, 0.79, 0.1531
model - 1592054525, 1592054569.372, 0.81,0.1473, 0.76, 0.1437
model - 1592054525, 1592054569.429, 0.77,0.1682, 0.7, 0.1791
model - 1592054525, 1592054569.498, 0.78,0.1533, 0.79, 0.1541
model - 1592054525, 1592054569.555, 0.76,0.1573, 0.77, 0.1547
model - 1592054525, 1592054569.614, 0.74,0.1735, 0.7, 0.1794
model - 1592054525, 1592054569.673, 0.78,0.1609, 0.79, 0.153
model - 1592054525, 1592054569.732, 0.75,0.1671, 0.76, 0.1618
model - 1592054525, 1592054569.789, 0.76,0.1763, 0.83, 0.1523
model - 1592054525, 1592054569.848, 0.76,0.1612, 0.72, 0.1932
model - 1592054525, 1592054569.905, 0.77,0.1743, 0.77, 0.1681
model - 1592054525, 1592054569.963, 0.78,0.1541, 0.71, 0.1915
model - 1592054525, 1592054570.022, 0.77,0.1694, 0.78, 0.1342
model - 1592054525, 1592054570.082, 0.75,0.1587, 0.79, 0.1475
model - 1592054525, 1592054570.136, 0.8,0.1463, 0.78, 0.1572
model - 1592054525, 1592054570.197, 0.81,0.1296, 0.8, 0.1463
model - 1592054525, 1592054570.252, 0.74,0.1765, 0.76, 0.1618
model - 1592054525, 1592054570.311, 0.8,0.1461, 0.77, 0.1566
model - 1592054525, 1592054570.373, 0.81,0.1531, 0.67, 0.2319
model - 1592054525, 1592054570.437, 0.73,0.1763, 0.67, 0.2128
model - 1592054525, 1592054570.507, 0.76,0.1723, 0.72, 0.1809
model - 1592054525, 1592054570.568, 0.69,0.1826, 0.65, 0.2122
model - 1592054525, 1592054570.623, 0.76,0.1757, 0.73, 0.1788
model - 1592054525, 1592054570.682, 0.67,0.2222, 0.75, 0.1895
model - 1592054525, 1592054570.74, 0.75,0.1784, 0.72, 0.1765
model - 1592054525, 1592054570.802, 0.73,0.1894, 0.75, 0.1822
model - 1592054525, 1592054570.857, 0.75,0.1618, 0.71, 0.1846
model - 1592054525, 1592054570.915, 0.76,0.1673, 0.73, 0.1787
model - 1592054525, 1592054570.972, 0.69,0.1928, 0.77, 0.1694
model - 1592054525, 1592054571.029, 0.76,0.1609, 0.68, 0.2035
model - 1592054525, 1592054571.084, 0.78,0.1608, 0.65, 0.2272
model - 1592054525, 1592054571.142, 0.74,0.1841, 0.76, 0.1405
model - 1592054525, 1592054571.198, 0.7,0.196, 0.7, 0.1903
model - 1592054525, 1592054571.257, 0.75,0.1696, 0.67, 0.2098
model - 1592054525, 1592054571.316, 0.76,0.1839, 0.73, 0.1729
model - 1592054525, 1592054571.383, 0.72,0.1812, 0.74, 0.1803
model - 1592054525, 1592054571.439, 0.7,0.1957, 0.66, 0.1891
model - 1592054525, 1592054571.498, 0.73,0.1794, 0.7, 0.1799
model - 1592054525, 1592054571.58, 0.76,0.1595, 0.65, 0.2074
model - 1592054525, 1592054571.654, 0.71,0.179, 0.79, 0.1543
model - 1592054525, 1592054571.726, 0.71,0.1799, 0.75, 0.1607
model - 1592054525, 1592054571.801, 0.84,0.1354, 0.64, 0.2256
model - 1592054525, 1592054571.878, 0.73,0.1686, 0.78, 0.1645
model - 1592054525, 1592054571.953, 0.74,0.1678, 0.76, 0.1617
model - 1592054525, 1592054572.025, 0.76,0.1658, 0.8, 0.1463
model - 1592054525, 1592054572.101, 0.76,0.1627, 0.65, 0.2076
model - 1592054525, 1592054572.177, 0.82,0.1377, 0.79, 0.1598
model - 1592054525, 1592054572.258, 0.81,0.1522, 0.77, 0.1702
model - 1592054525, 1592054572.33, 0.8,0.1411, 0.78, 0.1728
model - 1592054525, 1592054572.411, 0.8,0.1492, 0.76, 0.1679
model - 1592054525, 1592054572.489, 0.77,0.1479, 0.74, 0.1791
model - 1592054525, 1592054572.556, 0.78,0.1543, 0.69, 0.1995
model - 1592054525, 1592054572.612, 0.8,0.139, 0.76, 0.1536
model - 1592054525, 1592054572.67, 0.75,0.1616, 0.69, 0.1921
model - 1592054525, 1592054572.727, 0.74,0.1766, 0.74, 0.1815
model - 1592054525, 1592054572.786, 0.72,0.1739, 0.65, 0.2446
model - 1592054525, 1592054572.842, 0.77,0.1542, 0.72, 0.1709
model - 1592054525, 1592054572.911, 0.72,0.1913, 0.72, 0.173
model - 1592054525, 1592054572.965, 0.81,0.1528, 0.68, 0.2209
model - 1592054525, 1592054573.024, 0.75,0.1586, 0.77, 0.1594
model - 1592054525, 1592054573.081, 0.74,0.1622, 0.72, 0.1916
model - 1592054525, 1592054573.14, 0.79,0.151, 0.71, 0.1951
model - 1592054525, 1592054573.203, 0.8,0.1552, 0.72, 0.1855
model - 1592054525, 1592054573.261, 0.79,0.1505, 0.71, 0.1881
model - 1592054525, 1592054573.316, 0.76,0.171, 0.67, 0.2114
model - 1592054525, 1592054573.348, 0.87,0.122, 0.72, 0.1852
model - 1592054525, 1592054573.417, 0.76,0.1605, 0.74, 0.1729
model - 1592054525, 1592054573.474, 0.79,0.1506, 0.74, 0.199
model - 1592054525, 1592054573.533, 0.71,0.1907, 0.82, 0.1299
model - 1592054525, 1592054573.594, 0.7,0.1804, 0.77, 0.1432
model - 1592054525, 1592054573.652, 0.76,0.1581, 0.66, 0.2298
model - 1592054525, 1592054573.708, 0.7,0.1861, 0.72, 0.1809
model - 1592054525, 1592054573.773, 0.76,0.1625, 0.73, 0.1898
model - 1592054525, 1592054573.835, 0.78,0.1638, 0.74, 0.1813
model - 1592054525, 1592054573.894, 0.78,0.1561, 0.74, 0.1682
model - 1592054525, 1592054573.948, 0.74,0.1883, 0.79, 0.1561
model - 1592054525, 1592054574.007, 0.76,0.1682, 0.71, 0.1831
model - 1592054525, 1592054574.063, 0.79,0.1537, 0.69, 0.2043
model - 1592054525, 1592054574.125, 0.79,0.1538, 0.68, 0.1945
model - 1592054525, 1592054574.18, 0.75,0.1689, 0.77, 0.1681
model - 1592054525, 1592054574.238, 0.74,0.169, 0.68, 0.2066
model - 1592054525, 1592054574.295, 0.77,0.1489, 0.73, 0.1892
model - 1592054525, 1592054574.353, 0.77,0.1493, 0.66, 0.2234
model - 1592054525, 1592054574.41, 0.76,0.1682, 0.7, 0.1928
model - 1592054525, 1592054574.478, 0.76,0.1728, 0.78, 0.1607
model - 1592054525, 1592054574.536, 0.83,0.1364, 0.7, 0.2066
model - 1592054525, 1592054574.608, 0.79,0.1562, 0.69, 0.2045
model - 1592054525, 1592054574.664, 0.74,0.1781, 0.61, 0.2346
model - 1592054525, 1592054574.722, 0.79,0.1434, 0.77, 0.1755
model - 1592054525, 1592054574.779, 0.76,0.1545, 0.76, 0.1876
model - 1592054525, 1592054574.838, 0.78,0.1597, 0.74, 0.1788
model - 1592054525, 1592054574.894, 0.82,0.1418, 0.72, 0.1753
model - 1592054525, 1592054574.953, 0.74,0.174, 0.67, 0.2307
model - 1592054525, 1592054575.01, 0.72,0.1944, 0.73, 0.1815
model - 1592054525, 1592054575.069, 0.79,0.147, 0.74, 0.1723
model - 1592054525, 1592054575.124, 0.74,0.1713, 0.7, 0.2077
model - 1592054525, 1592054575.183, 0.81,0.1489, 0.77, 0.1779
model - 1592054525, 1592054575.24, 0.8,0.1397, 0.84, 0.1374
model - 1592054525, 1592054575.298, 0.73,0.1846, 0.78, 0.1758
model - 1592054525, 1592054575.355, 0.79,0.1649, 0.8, 0.1587
model - 1592054525, 1592054575.422, 0.81,0.133, 0.73, 0.1717
model - 1592054525, 1592054575.485, 0.81,0.1402, 0.77, 0.1605
model - 1592054525, 1592054575.544, 0.82,0.1347, 0.78, 0.1369
model - 1592054525, 1592054575.604, 0.77,0.1577, 0.66, 0.1947
model - 1592054525, 1592054575.673, 0.73,0.168, 0.81, 0.1401
model - 1592054525, 1592054575.729, 0.78,0.1571, 0.66, 0.2037
model - 1592054525, 1592054575.789, 0.77,0.159, 0.75, 0.1738
model - 1592054525, 1592054575.845, 0.73,0.1674, 0.7, 0.1724
model - 1592054525, 1592054575.904, 0.79,0.1533, 0.7, 0.1988
model - 1592054525, 1592054575.958, 0.78,0.1487, 0.69, 0.2021
model - 1592054525, 1592054576.017, 0.78,0.1533, 0.82, 0.1323
model - 1592054525, 1592054576.074, 0.75,0.1621, 0.81, 0.1391
model - 1592054525, 1592054576.132, 0.76,0.1616, 0.78, 0.1419
model - 1592054525, 1592054576.187, 0.81,0.1513, 0.71, 0.1845
model - 1592054525, 1592054576.25, 0.82,0.1451, 0.77, 0.1594
model - 1592054525, 1592054576.309, 0.78,0.1598, 0.73, 0.1751
model - 1592054525, 1592054576.367, 0.79,0.1481, 0.76, 0.1675
model - 1592054525, 1592054576.422, 0.8,0.1494, 0.74, 0.1733
model - 1592054525, 1592054576.488, 0.76,0.1634, 0.73, 0.1797
model - 1592054525, 1592054576.549, 0.8,0.1536, 0.78, 0.1527
model - 1592054525, 1592054576.624, 0.74,0.1702, 0.63, 0.2223
model - 1592054525, 1592054576.69, 0.77,0.1639, 0.74, 0.1411
model - 1592054525, 1592054576.748, 0.76,0.1514, 0.78, 0.1612
model - 1592054525, 1592054576.804, 0.74,0.1713, 0.78, 0.1566
model - 1592054525, 1592054576.873, 0.8,0.1439, 0.78, 0.1733
model - 1592054525, 1592054576.929, 0.77,0.1645, 0.79, 0.1258
model - 1592054525, 1592054576.987, 0.79,0.1515, 0.77, 0.1687
model - 1592054525, 1592054577.046, 0.82,0.1405, 0.69, 0.2167
model - 1592054525, 1592054577.109, 0.86,0.1149, 0.77, 0.1638
model - 1592054525, 1592054577.164, 0.72,0.1706, 0.74, 0.1746
model - 1592054525, 1592054577.222, 0.81,0.135, 0.77, 0.1569
model - 1592054525, 1592054577.284, 0.82,0.1415, 0.78, 0.1481
model - 1592054525, 1592054577.343, 0.74,0.1686, 0.69, 0.2285
model - 1592054525, 1592054577.401, 0.78,0.1599, 0.72, 0.1846
model - 1592054525, 1592054577.461, 0.7,0.1743, 0.8, 0.143
model - 1592054525, 1592054577.524, 0.77,0.1673, 0.77, 0.1626
model - 1592054525, 1592054577.582, 0.69,0.2118, 0.69, 0.1984
model - 1592054525, 1592054577.639, 0.76,0.1782, 0.74, 0.1875
model - 1592054525, 1592054577.707, 0.72,0.1846, 0.8, 0.1573
model - 1592054525, 1592054577.763, 0.77,0.15, 0.77, 0.1428
model - 1592054525, 1592054577.822, 0.78,0.159, 0.75, 0.1618
model - 1592054525, 1592054577.883, 0.71,0.1774, 0.7, 0.1848
model - 1592054525, 1592054577.942, 0.76,0.1516, 0.72, 0.1829
model - 1592054525, 1592054577.998, 0.79,0.1556, 0.7, 0.221
model - 1592054525, 1592054578.058, 0.75,0.1798, 0.71, 0.1994
model - 1592054525, 1592054578.113, 0.69,0.2001, 0.73, 0.1705
model - 1592054525, 1592054578.17, 0.77,0.1672, 0.76, 0.1738
model - 1592054525, 1592054578.226, 0.75,0.1708, 0.67, 0.2033
model - 1592054525, 1592054578.289, 0.74,0.1809, 0.68, 0.189
model - 1592054525, 1592054578.351, 0.7,0.1982, 0.71, 0.1739
model - 1592054525, 1592054578.408, 0.75,0.1577, 0.77, 0.1599
model - 1592054525, 1592054578.464, 0.77,0.1589, 0.76, 0.167
model - 1592054525, 1592054578.531, 0.72,0.18, 0.73, 0.1803
model - 1592054525, 1592054578.587, 0.7,0.1844, 0.7, 0.2218
model - 1592054525, 1592054578.646, 0.83,0.1327, 0.73, 0.1895
model - 1592054525, 1592054578.708, 0.76,0.1621, 0.67, 0.2047
model - 1592054525, 1592054578.775, 0.76,0.1617, 0.73, 0.1802
model - 1592054525, 1592054578.83, 0.79,0.1608, 0.76, 0.1609
model - 1592054525, 1592054578.888, 0.79,0.1558, 0.69, 0.192
model - 1592054525, 1592054578.944, 0.85,0.1305, 0.78, 0.1587
model - 1592054525, 1592054579.007, 0.8,0.1475, 0.8, 0.1418
model - 1592054525, 1592054579.063, 0.81,0.142, 0.82, 0.146
model - 1592054525, 1592054579.122, 0.8,0.1431, 0.75, 0.1747
model - 1592054525, 1592054579.177, 0.77,0.1495, 0.72, 0.191
model - 1592054525, 1592054579.238, 0.77,0.1535, 0.74, 0.1655
model - 1592054525, 1592054579.293, 0.79,0.137, 0.74, 0.1613
model - 1592054525, 1592054579.352, 0.76,0.16, 0.73, 0.1559
model - 1592054525, 1592054579.412, 0.76,0.167, 0.73, 0.186
model - 1592054525, 1592054579.473, 0.77,0.1636, 0.82, 0.139
model - 1592054525, 1592054579.538, 0.81,0.145, 0.75, 0.1716
model - 1592054525, 1592054579.596, 0.72,0.1897, 0.77, 0.1659
model - 1592054525, 1592054579.651, 0.8,0.1449, 0.73, 0.1739
model - 1592054525, 1592054579.719, 0.79,0.1501, 0.67, 0.2
model - 1592054525, 1592054579.779, 0.74,0.16, 0.73, 0.173
model - 1592054525, 1592054579.836, 0.78,0.1467, 0.75, 0.1747
model - 1592054525, 1592054579.893, 0.83,0.1404, 0.73, 0.1732
model - 1592054525, 1592054579.95, 0.81,0.1397, 0.64, 0.232
model - 1592054525, 1592054580.01, 0.76,0.17, 0.79, 0.1423
model - 1592054525, 1592054580.046, 0.9,0.1048, 0.7, 0.2088
